# JRE version: Java(TM) SE Runtime Environment (8.0_144-b01) (build 1.8.0_144-b01)
# Java VM: Java HotSpot(TM) 64-Bit Server VM (25.144-b01 mixed mode windows-amd64 compressed oops)
Heap:
 PSYoungGen      total 129536K, used 27839K [0x00000000d5c00000, 0x00000000deb80000, 0x0000000100000000)
  eden space 119296K, 21% used [0x00000000d5c00000,0x00000000d7557ce0,0x00000000dd080000)
  from space 10240K, 18% used [0x00000000de180000,0x00000000de3580d0,0x00000000deb80000)
  to   space 13824K, 0% used [0x00000000dd080000,0x00000000dd080000,0x00000000dde00000)
 ParOldGen       total 113152K, used 22947K [0x0000000081400000, 0x0000000088280000, 0x00000000d5c00000)
  object space 113152K, 20% used [0x0000000081400000,0x0000000082a68ea8,0x0000000088280000)
 Metaspace       used 62217K, capacity 65818K, committed 66048K, reserved 1105920K
  class space    used 8092K, capacity 8659K, committed 8704K, reserved 1048576K
GC Heap History (10 events):
Event: 19.827 GC heap before
{Heap before GC invocations=15 (full 2):
 PSYoungGen      total 108032K, used 108023K [0x00000000d5c00000, 0x00000000dd700000, 0x0000000100000000)
  eden space 99328K, 100% used [0x00000000d5c00000,0x00000000dbd00000,0x00000000dbd00000)
  from space 8704K, 99% used [0x00000000dce80000,0x00000000dd6fde80,0x00000000dd700000)
  to   space 10752K, 0% used [0x00000000dc200000,0x00000000dc200000,0x00000000dcc80000)
 ParOldGen       total 78336K, used 14290K [0x0000000081400000, 0x0000000086080000, 0x00000000d5c00000)
  object space 78336K, 18% used [0x0000000081400000,0x00000000821f4890,0x0000000086080000)
 Metaspace       used 53057K, capacity 55970K, committed 56192K, reserved 1097728K
  class space    used 7207K, capacity 7707K, committed 7808K, reserved 1048576K
Event: 19.844 GC heap after
Heap after GC invocations=15 (full 2):
 PSYoungGen      total 115200K, used 10745K [0x00000000d5c00000, 0x00000000df380000, 0x0000000100000000)
  eden space 104448K, 0% used [0x00000000d5c00000,0x00000000d5c00000,0x00000000dc200000)
  from space 10752K, 99% used [0x00000000dc200000,0x00000000dcc7e710,0x00000000dcc80000)
  to   space 14336K, 0% used [0x00000000de580000,0x00000000de580000,0x00000000df380000)
 ParOldGen       total 78336K, used 20525K [0x0000000081400000, 0x0000000086080000, 0x00000000d5c00000)
  object space 78336K, 26% used [0x0000000081400000,0x000000008280b7d0,0x0000000086080000)
 Metaspace       used 53057K, capacity 55970K, committed 56192K, reserved 1097728K
  class space    used 7207K, capacity 7707K, committed 7808K, reserved 1048576K
}
Event: 20.376 GC heap before
{Heap before GC invocations=16 (full 2):
 PSYoungGen      total 115200K, used 48867K [0x00000000d5c00000, 0x00000000df380000, 0x0000000100000000)
  eden space 104448K, 36% used [0x00000000d5c00000,0x00000000d813a518,0x00000000dc200000)
  from space 10752K, 99% used [0x00000000dc200000,0x00000000dcc7e710,0x00000000dcc80000)
  to   space 14336K, 0% used [0x00000000de580000,0x00000000de580000,0x00000000df380000)
 ParOldGen       total 78336K, used 20525K [0x0000000081400000, 0x0000000086080000, 0x00000000d5c00000)
  object space 78336K, 26% used [0x0000000081400000,0x000000008280b7d0,0x0000000086080000)
 Metaspace       used 55745K, capacity 58978K, committed 59028K, reserved 1099776K
  class space    used 7599K, capacity 8157K, committed 8192K, reserved 1048576K
Event: 20.388 GC heap after
Heap after GC invocations=16 (full 2):
 PSYoungGen      total 140800K, used 4345K [0x00000000d5c00000, 0x00000000dfe80000, 0x0000000100000000)
  eden space 126464K, 0% used [0x00000000d5c00000,0x00000000d5c00000,0x00000000dd780000)
  from space 14336K, 30% used [0x00000000de580000,0x00000000de9be618,0x00000000df380000)
  to   space 14336K, 0% used [0x00000000dd780000,0x00000000dd780000,0x00000000de580000)
 ParOldGen       total 78336K, used 24185K [0x0000000081400000, 0x0000000086080000, 0x00000000d5c00000)
  object space 78336K, 30% used [0x0000000081400000,0x0000000082b9e768,0x0000000086080000)
 Metaspace       used 55745K, capacity 58978K, committed 59028K, reserved 1099776K
  class space    used 7599K, capacity 8157K, committed 8192K, reserved 1048576K
}
Event: 20.388 GC heap before
{Heap before GC invocations=17 (full 3):
 PSYoungGen      total 140800K, used 4345K [0x00000000d5c00000, 0x00000000dfe80000, 0x0000000100000000)
  eden space 126464K, 0% used [0x00000000d5c00000,0x00000000d5c00000,0x00000000dd780000)
  from space 14336K, 30% used [0x00000000de580000,0x00000000de9be618,0x00000000df380000)
  to   space 14336K, 0% used [0x00000000dd780000,0x00000000dd780000,0x00000000de580000)
 ParOldGen       total 78336K, used 24185K [0x0000000081400000, 0x0000000086080000, 0x00000000d5c00000)
  object space 78336K, 30% used [0x0000000081400000,0x0000000082b9e768,0x0000000086080000)
 Metaspace       used 55745K, capacity 58978K, committed 59028K, reserved 1099776K
  class space    used 7599K, capacity 8157K, committed 8192K, reserved 1048576K
Event: 20.558 GC heap after
Heap after GC invocations=17 (full 3):
 PSYoungGen      total 140800K, used 0K [0x00000000d5c00000, 0x00000000dfe80000, 0x0000000100000000)
  eden space 126464K, 0% used [0x00000000d5c00000,0x00000000d5c00000,0x00000000dd780000)
  from space 14336K, 0% used [0x00000000de580000,0x00000000de580000,0x00000000df380000)
  to   space 14336K, 0% used [0x00000000dd780000,0x00000000dd780000,0x00000000de580000)
 ParOldGen       total 113152K, used 22931K [0x0000000081400000, 0x0000000088280000, 0x00000000d5c00000)
  object space 113152K, 20% used [0x0000000081400000,0x0000000082a64ea8,0x0000000088280000)
 Metaspace       used 55745K, capacity 58978K, committed 59028K, reserved 1099776K
  class space    used 7599K, capacity 8157K, committed 8192K, reserved 1048576K
}
Event: 652.340 GC heap before
{Heap before GC invocations=18 (full 3):
 PSYoungGen      total 140800K, used 126464K [0x00000000d5c00000, 0x00000000dfe80000, 0x0000000100000000)
  eden space 126464K, 100% used [0x00000000d5c00000,0x00000000dd780000,0x00000000dd780000)
  from space 14336K, 0% used [0x00000000de580000,0x00000000de580000,0x00000000df380000)
  to   space 14336K, 0% used [0x00000000dd780000,0x00000000dd780000,0x00000000de580000)
 ParOldGen       total 113152K, used 22931K [0x0000000081400000, 0x0000000088280000, 0x00000000d5c00000)
  object space 113152K, 20% used [0x0000000081400000,0x0000000082a64ea8,0x0000000088280000)
 Metaspace       used 61994K, capacity 65562K, committed 65792K, reserved 1105920K
  class space    used 8091K, capacity 8659K, committed 8704K, reserved 1048576K
Event: 652.353 GC heap after
Heap after GC invocations=18 (full 3):
 PSYoungGen      total 127488K, used 4310K [0x00000000d5c00000, 0x00000000def00000, 0x0000000100000000)
  eden space 122880K, 0% used [0x00000000d5c00000,0x00000000d5c00000,0x00000000dd400000)
  from space 4608K, 93% used [0x00000000dd780000,0x00000000ddbb5b18,0x00000000ddc00000)
  to   space 13824K, 0% used [0x00000000de180000,0x00000000de180000,0x00000000def00000)
 ParOldGen       total 113152K, used 22939K [0x0000000081400000, 0x0000000088280000, 0x00000000d5c00000)
  object space 113152K, 20% used [0x0000000081400000,0x0000000082a66ea8,0x0000000088280000)
 Metaspace       used 61994K, capacity 65562K, committed 65792K, reserved 1105920K
  class space    used 8091K, capacity 8659K, committed 8704K, reserved 1048576K
}
Event: 661.432 GC heap before
{Heap before GC invocations=19 (full 3):
 PSYoungGen      total 127488K, used 127190K [0x00000000d5c00000, 0x00000000def00000, 0x0000000100000000)
  eden space 122880K, 100% used [0x00000000d5c00000,0x00000000dd400000,0x00000000dd400000)
  from space 4608K, 93% used [0x00000000dd780000,0x00000000ddbb5b18,0x00000000ddc00000)
  to   space 13824K, 0% used [0x00000000de180000,0x00000000de180000,0x00000000def00000)
 ParOldGen       total 113152K, used 22939K [0x0000000081400000, 0x0000000088280000, 0x00000000d5c00000)
  object space 113152K, 20% used [0x0000000081400000,0x0000000082a66ea8,0x0000000088280000)
 Metaspace       used 62215K, capacity 65818K, committed 66048K, reserved 1105920K
  class space    used 8092K, capacity 8659K, committed 8704K, reserved 1048576K
Event: 661.440 GC heap after
Heap after GC invocations=19 (full 3):
 PSYoungGen      total 129536K, used 1888K [0x00000000d5c00000, 0x00000000deb80000, 0x0000000100000000)
  eden space 119296K, 0% used [0x00000000d5c00000,0x00000000d5c00000,0x00000000dd080000)
  from space 10240K, 18% used [0x00000000de180000,0x00000000de3580d0,0x00000000deb80000)
  to   space 13824K, 0% used [0x00000000dd080000,0x00000000dd080000,0x00000000dde00000)
 ParOldGen       total 113152K, used 22947K [0x0000000081400000, 0x0000000088280000, 0x00000000d5c00000)
  object space 113152K, 20% used [0x0000000081400000,0x0000000082a68ea8,0x0000000088280000)
 Metaspace       used 62215K, capacity 65818K, committed 66048K, reserved 1105920K
  class space    used 8092K, capacity 8659K, committed 8704K, reserved 1048576K
}

