# JRE version: Java(TM) SE Runtime Environment (8.0_144-b01) (build 1.8.0_144-b01)
# Java VM: Java HotSpot(TM) 64-Bit Server VM (25.144-b01 mixed mode windows-amd64 compressed oops)
Heap:
 PSYoungGen      total 164864K, used 152428K [0x00000000d5c00000, 0x00000000e3a00000, 0x0000000100000000)
  eden space 155136K, 98% used [0x00000000d5c00000,0x00000000df0db010,0x00000000df380000)
  from space 9728K, 0% used [0x00000000dfd80000,0x00000000dfd80000,0x00000000e0700000)
  to   space 10240K, 0% used [0x00000000df380000,0x00000000df380000,0x00000000dfd80000)
 ParOldGen       total 56832K, used 12876K [0x0000000081400000, 0x0000000084b80000, 0x00000000d5c00000)
  object space 56832K, 22% used [0x0000000081400000,0x00000000820930e0,0x0000000084b80000)
 Metaspace       used 49824K, capacity 52106K, committed 52440K, reserved 1095680K
  class space    used 6667K, capacity 7099K, committed 7168K, reserved 1048576K
GC Heap History (10 events):
Event: 5.214 GC heap before
{Heap before GC invocations=6 (full 1):
 PSYoungGen      total 71680K, used 5097K [0x00000000d5c00000, 0x00000000def00000, 0x0000000100000000)
  eden space 66560K, 0% used [0x00000000d5c00000,0x00000000d5c00000,0x00000000d9d00000)
  from space 5120K, 99% used [0x00000000d9d00000,0x00000000da1fa408,0x00000000da200000)
  to   space 8704K, 0% used [0x00000000de680000,0x00000000de680000,0x00000000def00000)
 ParOldGen       total 87552K, used 5196K [0x0000000081400000, 0x0000000086980000, 0x00000000d5c00000)
  object space 87552K, 5% used [0x0000000081400000,0x00000000819131f8,0x0000000086980000)
 Metaspace       used 20216K, capacity 21106K, committed 21248K, reserved 1067008K
  class space    used 2505K, capacity 2717K, committed 2816K, reserved 1048576K
Event: 5.283 GC heap after
Heap after GC invocations=6 (full 1):
 PSYoungGen      total 71680K, used 0K [0x00000000d5c00000, 0x00000000def00000, 0x0000000100000000)
  eden space 66560K, 0% used [0x00000000d5c00000,0x00000000d5c00000,0x00000000d9d00000)
  from space 5120K, 0% used [0x00000000d9d00000,0x00000000d9d00000,0x00000000da200000)
  to   space 8704K, 0% used [0x00000000de680000,0x00000000de680000,0x00000000def00000)
 ParOldGen       total 56832K, used 6664K [0x0000000081400000, 0x0000000084b80000, 0x00000000d5c00000)
  object space 56832K, 11% used [0x0000000081400000,0x0000000081a823f8,0x0000000084b80000)
 Metaspace       used 20216K, capacity 21106K, committed 21248K, reserved 1067008K
  class space    used 2505K, capacity 2717K, committed 2816K, reserved 1048576K
}
Event: 7.419 GC heap before
{Heap before GC invocations=7 (full 1):
 PSYoungGen      total 71680K, used 66560K [0x00000000d5c00000, 0x00000000def00000, 0x0000000100000000)
  eden space 66560K, 100% used [0x00000000d5c00000,0x00000000d9d00000,0x00000000d9d00000)
  from space 5120K, 0% used [0x00000000d9d00000,0x00000000d9d00000,0x00000000da200000)
  to   space 8704K, 0% used [0x00000000de680000,0x00000000de680000,0x00000000def00000)
 ParOldGen       total 56832K, used 6664K [0x0000000081400000, 0x0000000084b80000, 0x00000000d5c00000)
  object space 56832K, 11% used [0x0000000081400000,0x0000000081a823f8,0x0000000084b80000)
 Metaspace       used 24385K, capacity 25780K, committed 25984K, reserved 1071104K
  class space    used 3082K, capacity 3368K, committed 3456K, reserved 1048576K
Event: 7.429 GC heap after
Heap after GC invocations=7 (full 1):
 PSYoungGen      total 109568K, used 6388K [0x00000000d5c00000, 0x00000000ded00000, 0x0000000100000000)
  eden space 102912K, 0% used [0x00000000d5c00000,0x00000000d5c00000,0x00000000dc080000)
  from space 6656K, 95% used [0x00000000de680000,0x00000000decbd3f0,0x00000000ded00000)
  to   space 8704K, 0% used [0x00000000ddc00000,0x00000000ddc00000,0x00000000de480000)
 ParOldGen       total 56832K, used 6672K [0x0000000081400000, 0x0000000084b80000, 0x00000000d5c00000)
  object space 56832K, 11% used [0x0000000081400000,0x0000000081a843f8,0x0000000084b80000)
 Metaspace       used 24385K, capacity 25780K, committed 25984K, reserved 1071104K
  class space    used 3082K, capacity 3368K, committed 3456K, reserved 1048576K
}
Event: 9.750 GC heap before
{Heap before GC invocations=8 (full 1):
 PSYoungGen      total 109568K, used 109300K [0x00000000d5c00000, 0x00000000ded00000, 0x0000000100000000)
  eden space 102912K, 100% used [0x00000000d5c00000,0x00000000dc080000,0x00000000dc080000)
  from space 6656K, 95% used [0x00000000de680000,0x00000000decbd3f0,0x00000000ded00000)
  to   space 8704K, 0% used [0x00000000ddc00000,0x00000000ddc00000,0x00000000de480000)
 ParOldGen       total 56832K, used 6672K [0x0000000081400000, 0x0000000084b80000, 0x00000000d5c00000)
  object space 56832K, 11% used [0x0000000081400000,0x0000000081a843f8,0x0000000084b80000)
 Metaspace       used 30302K, capacity 32226K, committed 32384K, reserved 1077248K
  class space    used 3867K, capacity 4189K, committed 4224K, reserved 1048576K
Event: 9.768 GC heap after
Heap after GC invocations=8 (full 1):
 PSYoungGen      total 139776K, used 8688K [0x00000000d5c00000, 0x00000000e0700000, 0x0000000100000000)
  eden space 131072K, 0% used [0x00000000d5c00000,0x00000000d5c00000,0x00000000ddc00000)
  from space 8704K, 99% used [0x00000000ddc00000,0x00000000de47c310,0x00000000de480000)
  to   space 9728K, 0% used [0x00000000dfd80000,0x00000000dfd80000,0x00000000e0700000)
 ParOldGen       total 56832K, used 6892K [0x0000000081400000, 0x0000000084b80000, 0x00000000d5c00000)
  object space 56832K, 12% used [0x0000000081400000,0x0000000081abb1d8,0x0000000084b80000)
 Metaspace       used 30302K, capacity 32226K, committed 32384K, reserved 1077248K
  class space    used 3867K, capacity 4189K, committed 4224K, reserved 1048576K
}
Event: 10.345 GC heap before
{Heap before GC invocations=9 (full 1):
 PSYoungGen      total 139776K, used 42418K [0x00000000d5c00000, 0x00000000e0700000, 0x0000000100000000)
  eden space 131072K, 25% used [0x00000000d5c00000,0x00000000d7cf0510,0x00000000ddc00000)
  from space 8704K, 99% used [0x00000000ddc00000,0x00000000de47c310,0x00000000de480000)
  to   space 9728K, 0% used [0x00000000dfd80000,0x00000000dfd80000,0x00000000e0700000)
 ParOldGen       total 56832K, used 6892K [0x0000000081400000, 0x0000000084b80000, 0x00000000d5c00000)
  object space 56832K, 12% used [0x0000000081400000,0x0000000081abb1d8,0x0000000084b80000)
 Metaspace       used 33422K, capacity 35398K, committed 35416K, reserved 1079296K
  class space    used 4348K, capacity 4719K, committed 4736K, reserved 1048576K
Event: 10.364 GC heap after
Heap after GC invocations=9 (full 1):
 PSYoungGen      total 164864K, used 8589K [0x00000000d5c00000, 0x00000000e3a00000, 0x0000000100000000)
  eden space 155136K, 0% used [0x00000000d5c00000,0x00000000d5c00000,0x00000000df380000)
  from space 9728K, 88% used [0x00000000dfd80000,0x00000000e05e35b8,0x00000000e0700000)
  to   space 10240K, 0% used [0x00000000df380000,0x00000000df380000,0x00000000dfd80000)
 ParOldGen       total 56832K, used 6900K [0x0000000081400000, 0x0000000084b80000, 0x00000000d5c00000)
  object space 56832K, 12% used [0x0000000081400000,0x0000000081abd1d8,0x0000000084b80000)
 Metaspace       used 33422K, capacity 35398K, committed 35416K, reserved 1079296K
  class space    used 4348K, capacity 4719K, committed 4736K, reserved 1048576K
}
Event: 10.364 GC heap before
{Heap before GC invocations=10 (full 2):
 PSYoungGen      total 164864K, used 8589K [0x00000000d5c00000, 0x00000000e3a00000, 0x0000000100000000)
  eden space 155136K, 0% used [0x00000000d5c00000,0x00000000d5c00000,0x00000000df380000)
  from space 9728K, 88% used [0x00000000dfd80000,0x00000000e05e35b8,0x00000000e0700000)
  to   space 10240K, 0% used [0x00000000df380000,0x00000000df380000,0x00000000dfd80000)
 ParOldGen       total 56832K, used 6900K [0x0000000081400000, 0x0000000084b80000, 0x00000000d5c00000)
  object space 56832K, 12% used [0x0000000081400000,0x0000000081abd1d8,0x0000000084b80000)
 Metaspace       used 33422K, capacity 35398K, committed 35416K, reserved 1079296K
  class space    used 4348K, capacity 4719K, committed 4736K, reserved 1048576K
Event: 10.463 GC heap after
Heap after GC invocations=10 (full 2):
 PSYoungGen      total 164864K, used 0K [0x00000000d5c00000, 0x00000000e3a00000, 0x0000000100000000)
  eden space 155136K, 0% used [0x00000000d5c00000,0x00000000d5c00000,0x00000000df380000)
  from space 9728K, 0% used [0x00000000dfd80000,0x00000000dfd80000,0x00000000e0700000)
  to   space 10240K, 0% used [0x00000000df380000,0x00000000df380000,0x00000000dfd80000)
 ParOldGen       total 56832K, used 12876K [0x0000000081400000, 0x0000000084b80000, 0x00000000d5c00000)
  object space 56832K, 22% used [0x0000000081400000,0x00000000820930e0,0x0000000084b80000)
 Metaspace       used 33422K, capacity 35398K, committed 35416K, reserved 1079296K
  class space    used 4348K, capacity 4719K, committed 4736K, reserved 1048576K
}

